<?xml version="1.0" encoding="UTF-8"?>
<!-- Generated by org.testng.reporters.JUnitXMLReporter -->
<testsuite ignored="1" hostname="TYSS-Chaithra" failures="0" tests="1" name="Default test" time="0.038" errors="0" timestamp="2022-09-13T11:14:59 IST">
  <testcase classname="practice.AddToCartTest" name="addToCartTest" time="0.009"/>
  <testcase classname="practice.AddToCartTest" name="removeFromCartTest" time="0.0">
    <ignored/>
  </testcase> <!-- removeFromCartTest -->
</testsuite> <!-- Default test -->
